<?xml version="1.0" encoding="UTF-8"?>
<!-- Generated by org.testng.reporters.JUnitReportReporter -->
<testsuite skipped="0" hostname="G1C2ML34791" name="com.mindtree.Runner.Application" tests="4" failures="0" timestamp="2019-09-20T16:49:27 IST" time="184.151" errors="0">
  <testcase name="DetergentSearch" time="65.553" classname="com.mindtree.Runner.Application"/>
  <testcase name="HomepageSearch" time="35.483" classname="com.mindtree.Runner.Application"/>
  <testcase name="directSelect" time="37.381" classname="com.mindtree.Runner.Application"/>
  <testcase name="homePageStain" time="45.734" classname="com.mindtree.Runner.Application"/>
</testsuite> <!-- com.mindtree.Runner.Application -->
